[0] setting up environment
2019-09-20 19:29:59.842427: I tensorflow/core/platform/cpu_feature_guard.cc:141] Your CPU supports instructions that this TensorFlow binary was not compiled to use: SSE4.1 SSE4.2 AVX AVX2 FMA
2019-09-20 19:29:59.854584: I tensorflow/core/platform/profile_utils/cpu_utils.cc:94] CPU Frequency: 2099925000 Hz
2019-09-20 19:29:59.857875: I tensorflow/compiler/xla/service/service.cc:150] XLA service 0x7f9faf1e25c0 executing computations on platform Host. Devices:
2019-09-20 19:29:59.857930: I tensorflow/compiler/xla/service/service.cc:158]   StreamExecutor device (0): <undefined>, <undefined>
2019-09-20 19:30:00.509071: I tensorflow/compiler/xla/service/service.cc:150] XLA service 0x7f9faf291e50 executing computations on platform CUDA. Devices:
2019-09-20 19:30:00.509113: I tensorflow/compiler/xla/service/service.cc:158]   StreamExecutor device (0): Tesla P100-PCIE-16GB, Compute Capability 6.0
2019-09-20 19:30:00.509352: I tensorflow/core/common_runtime/gpu/gpu_device.cc:1433] Found device 0 with properties: 
name: Tesla P100-PCIE-16GB major: 6 minor: 0 memoryClockRate(GHz): 1.3285
pciBusID: 0000:83:00.0
totalMemory: 15.90GiB freeMemory: 15.64GiB
2019-09-20 19:30:00.509379: I tensorflow/core/common_runtime/gpu/gpu_device.cc:1512] Adding visible gpu devices: 0
2019-09-20 19:30:00.512951: I tensorflow/core/common_runtime/gpu/gpu_device.cc:984] Device interconnect StreamExecutor with strength 1 edge matrix:
2019-09-20 19:30:00.512975: I tensorflow/core/common_runtime/gpu/gpu_device.cc:990]      0 
2019-09-20 19:30:00.512986: I tensorflow/core/common_runtime/gpu/gpu_device.cc:1003] 0:   N 
2019-09-20 19:30:00.513139: I tensorflow/core/common_runtime/gpu/gpu_device.cc:1115] Created TensorFlow device (/job:localhost/replica:0/task:0/device:GPU:0 with 15216 MB memory) -> physical GPU (device: 0, name: Tesla P100-PCIE-16GB, pci bus id: 0000:83:00.0, compute capability: 6.0)
2019-09-20 19:30:04.648698: I tensorflow/stream_executor/dso_loader.cc:152] successfully opened CUDA library libcublas.so.10.0 locally

WARNING: The TensorFlow contrib module will not be included in TensorFlow 2.0.
For more information, please see:
  * https://github.com/tensorflow/community/blob/master/rfcs/20180907-contrib-sunset.md
  * https://github.com/tensorflow/addons
If you depend on functionality not listed there, please file an issue.

=~=~=~=~=~=~=~=~=~=~=~=~=~=~=~=~=~=~=~=~
=~=~=~=~=~=~=~=~=~=~=~=~=~=~=~=~=~=~=~=~
1287964
[      0       1       2 ... 1287961 1287962 1287963]
[[1.42010002e+01 1.36470003e+01 1.35600004e+01 ... 1.34940000e+01
  1.35240000e+01 2.31071287e-01]
 [1.52720003e+01 1.46890001e+01 1.46199999e+01 ... 1.45640000e+01
  1.45340000e+01 2.50156382e-02]
 [1.45600004e+01 1.39490004e+01 1.38900003e+01 ... 1.38140000e+01
  1.39120000e+01 1.21588542e-02]
 ...
 [1.17799997e+01 1.12049999e+01 1.10889997e+01 ... 1.10090000e+01
  1.11170000e+01 3.90151217e-01]
 [1.02880001e+01 9.57100010e+00 9.40699959e+00 ... 9.34100000e+00
  9.46400000e+00 1.54063787e-01]
 [9.54800034e+00 9.02200031e+00 8.90299988e+00 ... 8.82500000e+00
  8.94300000e+00 7.28459370e-01]]
17.824765284426462
-1.0782020547003095
here
Traceback (most recent call last):
  File "T_PDM_p.py", line 591, in <module>
    save_inf(pred_means,pred_weights,pred_std,ids,test=False,train=True,y_train=y_train)
  File "T_PDM_p.py", line 578, in save_inf
    al.write('Tables/train_rc_p.fits')
  File "/homes/nramachandra/anaconda3/envs/tf_gpu/lib/python3.6/site-packages/astropy/table/connect.py", line 114, in __call__
    registry.write(instance, *args, **kwargs)
  File "/homes/nramachandra/anaconda3/envs/tf_gpu/lib/python3.6/site-packages/astropy/io/registry.py", line 566, in write
    writer(data, *args, **kwargs)
  File "/homes/nramachandra/anaconda3/envs/tf_gpu/lib/python3.6/site-packages/astropy/io/fits/connect.py", line 394, in write_table_fits
    raise OSError("File exists: {0}".format(output))
OSError: File exists: Tables/train_rc_p.fits
srun: error: cp1-p: task 0: Exited with exit code 1
2019-09-20 19:30:22.901415: I tensorflow/core/platform/cpu_feature_guard.cc:141] Your CPU supports instructions that this TensorFlow binary was not compiled to use: SSE4.1 SSE4.2 AVX AVX2 FMA
2019-09-20 19:30:22.912560: I tensorflow/core/platform/profile_utils/cpu_utils.cc:94] CPU Frequency: 2099925000 Hz
2019-09-20 19:30:22.916280: I tensorflow/compiler/xla/service/service.cc:150] XLA service 0x7fd1eece8650 executing computations on platform Host. Devices:
2019-09-20 19:30:22.916319: I tensorflow/compiler/xla/service/service.cc:158]   StreamExecutor device (0): <undefined>, <undefined>
2019-09-20 19:30:23.525223: I tensorflow/compiler/xla/service/service.cc:150] XLA service 0x7fd1eed97ed0 executing computations on platform CUDA. Devices:
2019-09-20 19:30:23.525294: I tensorflow/compiler/xla/service/service.cc:158]   StreamExecutor device (0): Tesla P100-PCIE-16GB, Compute Capability 6.0
2019-09-20 19:30:23.525648: I tensorflow/core/common_runtime/gpu/gpu_device.cc:1433] Found device 0 with properties: 
name: Tesla P100-PCIE-16GB major: 6 minor: 0 memoryClockRate(GHz): 1.3285
pciBusID: 0000:83:00.0
totalMemory: 15.90GiB freeMemory: 15.64GiB
2019-09-20 19:30:23.525681: I tensorflow/core/common_runtime/gpu/gpu_device.cc:1512] Adding visible gpu devices: 0
2019-09-20 19:30:23.529437: I tensorflow/core/common_runtime/gpu/gpu_device.cc:984] Device interconnect StreamExecutor with strength 1 edge matrix:
2019-09-20 19:30:23.529462: I tensorflow/core/common_runtime/gpu/gpu_device.cc:990]      0 
2019-09-20 19:30:23.529473: I tensorflow/core/common_runtime/gpu/gpu_device.cc:1003] 0:   N 
2019-09-20 19:30:23.529632: I tensorflow/core/common_runtime/gpu/gpu_device.cc:1115] Created TensorFlow device (/job:localhost/replica:0/task:0/device:GPU:0 with 15216 MB memory) -> physical GPU (device: 0, name: Tesla P100-PCIE-16GB, pci bus id: 0000:83:00.0, compute capability: 6.0)
2019-09-20 19:30:27.989694: I tensorflow/stream_executor/dso_loader.cc:152] successfully opened CUDA library libcublas.so.10.0 locally

WARNING: The TensorFlow contrib module will not be included in TensorFlow 2.0.
For more information, please see:
  * https://github.com/tensorflow/community/blob/master/rfcs/20180907-contrib-sunset.md
  * https://github.com/tensorflow/addons
If you depend on functionality not listed there, please file an issue.

=~=~=~=~=~=~=~=~=~=~=~=~=~=~=~=~=~=~=~=~
=~=~=~=~=~=~=~=~=~=~=~=~=~=~=~=~=~=~=~=~
1287964
[      0       1       2 ... 1287961 1287962 1287963]
[[1.42010002e+01 1.36470003e+01 1.35600004e+01 ... 1.34940000e+01
  1.35240000e+01 2.31071287e-01]
 [1.52720003e+01 1.46890001e+01 1.46199999e+01 ... 1.45640000e+01
  1.45340000e+01 2.50156382e-02]
 [1.45600004e+01 1.39490004e+01 1.38900003e+01 ... 1.38140000e+01
  1.39120000e+01 1.21588542e-02]
 ...
 [1.17799997e+01 1.12049999e+01 1.10889997e+01 ... 1.10090000e+01
  1.11170000e+01 3.90151217e-01]
 [1.02880001e+01 9.57100010e+00 9.40699959e+00 ... 9.34100000e+00
  9.46400000e+00 1.54063787e-01]
 [9.54800034e+00 9.02200031e+00 8.90299988e+00 ... 8.82500000e+00
  8.94300000e+00 7.28459370e-01]]
17.824765284426462
-1.0782020547003095
[[0.53972578 0.5060537  0.50076586 ... 0.49675435 0.49857775 0.06926285]
 [0.60482109 0.56938638 0.56519255 ... 0.56178888 0.55996548 0.05836214]
 [0.56154578 0.52440924 0.52082323 ... 0.51620393 0.52216037 0.057682  ]
 ...
 [0.39257754 0.35762909 0.35057861 ... 0.34571623 0.35228047 0.07767845]
 [0.30189391 0.2583147  0.24834676 ... 0.24433531 0.25181124 0.06518902]
 [0.25691678 0.22494653 0.2177137  ... 0.21297287 0.2201449  0.09557555]]
Traceback (most recent call last):
  File "g_PDM_p.py", line 586, in <module>
    save_inf(train_means,train_weights,train_std,ids,test=False,train=True,y_train=y_train)
NameError: name 'ids' is not defined
srun: error: cp1-p: task 0: Exited with exit code 1
2019-09-20 19:30:47.195916: I tensorflow/core/platform/cpu_feature_guard.cc:141] Your CPU supports instructions that this TensorFlow binary was not compiled to use: SSE4.1 SSE4.2 AVX AVX2 FMA
2019-09-20 19:30:47.205508: I tensorflow/core/platform/profile_utils/cpu_utils.cc:94] CPU Frequency: 2099925000 Hz
2019-09-20 19:30:47.209149: I tensorflow/compiler/xla/service/service.cc:150] XLA service 0x7fefe11a11a0 executing computations on platform Host. Devices:
2019-09-20 19:30:47.209190: I tensorflow/compiler/xla/service/service.cc:158]   StreamExecutor device (0): <undefined>, <undefined>
2019-09-20 19:30:47.820969: I tensorflow/compiler/xla/service/service.cc:150] XLA service 0x7fefe1250a40 executing computations on platform CUDA. Devices:
2019-09-20 19:30:47.821014: I tensorflow/compiler/xla/service/service.cc:158]   StreamExecutor device (0): Tesla P100-PCIE-16GB, Compute Capability 6.0
2019-09-20 19:30:47.821255: I tensorflow/core/common_runtime/gpu/gpu_device.cc:1433] Found device 0 with properties: 
name: Tesla P100-PCIE-16GB major: 6 minor: 0 memoryClockRate(GHz): 1.3285
pciBusID: 0000:83:00.0
totalMemory: 15.90GiB freeMemory: 15.64GiB
2019-09-20 19:30:47.821283: I tensorflow/core/common_runtime/gpu/gpu_device.cc:1512] Adding visible gpu devices: 0
2019-09-20 19:30:47.824858: I tensorflow/core/common_runtime/gpu/gpu_device.cc:984] Device interconnect StreamExecutor with strength 1 edge matrix:
2019-09-20 19:30:47.824882: I tensorflow/core/common_runtime/gpu/gpu_device.cc:990]      0 
2019-09-20 19:30:47.824892: I tensorflow/core/common_runtime/gpu/gpu_device.cc:1003] 0:   N 
2019-09-20 19:30:47.825037: I tensorflow/core/common_runtime/gpu/gpu_device.cc:1115] Created TensorFlow device (/job:localhost/replica:0/task:0/device:GPU:0 with 15216 MB memory) -> physical GPU (device: 0, name: Tesla P100-PCIE-16GB, pci bus id: 0000:83:00.0, compute capability: 6.0)
2019-09-20 19:30:53.240113: I tensorflow/stream_executor/dso_loader.cc:152] successfully opened CUDA library libcublas.so.10.0 locally

WARNING: The TensorFlow contrib module will not be included in TensorFlow 2.0.
For more information, please see:
  * https://github.com/tensorflow/community/blob/master/rfcs/20180907-contrib-sunset.md
  * https://github.com/tensorflow/addons
If you depend on functionality not listed there, please file an issue.

=~=~=~=~=~=~=~=~=~=~=~=~=~=~=~=~=~=~=~=~
=~=~=~=~=~=~=~=~=~=~=~=~=~=~=~=~=~=~=~=~
1287964
[      0       1       2 ... 1287961 1287962 1287963]
[[14.68299961 14.22999954 14.18299961 ... 14.215      14.258
   0.70141297]
 [14.69099998 14.53499985 14.23900032 ... 14.335      14.38
   0.44869809]
 [14.13899994 13.82800007 13.79300022 ... 13.613      13.661
   0.73302806]
 ...
 [11.91100025 11.63199997 11.58600044 ... 11.506      11.528
   1.10468381]
 [ 9.54800034  9.02200031  8.90299988 ...  8.825       8.943
   0.72845937]
 [12.15400028 11.87199974 11.81400013 ... 11.807      11.829
   1.2345698 ]]
68.96957827687106
-1.6096654796396705
[[0.52449938 0.49912038 0.49648724 ... 0.49828004 0.50068908 0.03274445]
 [0.5249476  0.5162078  0.49962464 ... 0.50500295 0.50752404 0.02916387]
 [0.49402219 0.47659864 0.4746378  ... 0.46455341 0.46724258 0.03319239]
 ...
 [0.36920009 0.35356929 0.3509922  ... 0.34651023 0.34774277 0.03845818]
 [0.23681469 0.20734592 0.200679   ... 0.19630911 0.20291998 0.03312766]
 [0.38281399 0.36701511 0.36376572 ... 0.36337355 0.36460608 0.04029847]]
/homes/nramachandra/anaconda3/envs/tf_gpu/lib/python3.6/site-packages/matplotlib/figure.py:445: UserWarning: Matplotlib is currently using agg, which is a non-GUI backend, so cannot show the figure.
  % get_backend())
Traceback (most recent call last):
  File "g_PDM_p_all.py", line 578, in <module>
    save_inf(train_means,train_weights,train_std,ids,test=False,train=True,y_train=y_train)
NameError: name 'ids' is not defined
srun: error: cp1-p: task 0: Exited with exit code 1
2019-09-20 19:31:48.903335: I tensorflow/core/platform/cpu_feature_guard.cc:141] Your CPU supports instructions that this TensorFlow binary was not compiled to use: SSE4.1 SSE4.2 AVX AVX2 FMA
2019-09-20 19:31:48.913116: I tensorflow/core/platform/profile_utils/cpu_utils.cc:94] CPU Frequency: 2099925000 Hz
2019-09-20 19:31:48.916701: I tensorflow/compiler/xla/service/service.cc:150] XLA service 0x7f9af0df61c0 executing computations on platform Host. Devices:
2019-09-20 19:31:48.916739: I tensorflow/compiler/xla/service/service.cc:158]   StreamExecutor device (0): <undefined>, <undefined>
2019-09-20 19:31:49.554611: I tensorflow/compiler/xla/service/service.cc:150] XLA service 0x7f9af0ea5a40 executing computations on platform CUDA. Devices:
2019-09-20 19:31:49.554653: I tensorflow/compiler/xla/service/service.cc:158]   StreamExecutor device (0): Tesla P100-PCIE-16GB, Compute Capability 6.0
2019-09-20 19:31:49.554914: I tensorflow/core/common_runtime/gpu/gpu_device.cc:1433] Found device 0 with properties: 
name: Tesla P100-PCIE-16GB major: 6 minor: 0 memoryClockRate(GHz): 1.3285
pciBusID: 0000:83:00.0
totalMemory: 15.90GiB freeMemory: 15.64GiB
2019-09-20 19:31:49.554943: I tensorflow/core/common_runtime/gpu/gpu_device.cc:1512] Adding visible gpu devices: 0
2019-09-20 19:31:49.558382: I tensorflow/core/common_runtime/gpu/gpu_device.cc:984] Device interconnect StreamExecutor with strength 1 edge matrix:
2019-09-20 19:31:49.558404: I tensorflow/core/common_runtime/gpu/gpu_device.cc:990]      0 
2019-09-20 19:31:49.558414: I tensorflow/core/common_runtime/gpu/gpu_device.cc:1003] 0:   N 
2019-09-20 19:31:49.558552: I tensorflow/core/common_runtime/gpu/gpu_device.cc:1115] Created TensorFlow device (/job:localhost/replica:0/task:0/device:GPU:0 with 15216 MB memory) -> physical GPU (device: 0, name: Tesla P100-PCIE-16GB, pci bus id: 0000:83:00.0, compute capability: 6.0)
2019-09-20 19:31:55.692264: I tensorflow/stream_executor/dso_loader.cc:152] successfully opened CUDA library libcublas.so.10.0 locally

WARNING: The TensorFlow contrib module will not be included in TensorFlow 2.0.
For more information, please see:
  * https://github.com/tensorflow/community/blob/master/rfcs/20180907-contrib-sunset.md
  * https://github.com/tensorflow/addons
If you depend on functionality not listed there, please file an issue.

=~=~=~=~=~=~=~=~=~=~=~=~=~=~=~=~=~=~=~=~
=~=~=~=~=~=~=~=~=~=~=~=~=~=~=~=~=~=~=~=~
1287964
[      0       1       2 ... 1287961 1287962 1287963]
[[14.68299961 14.22999954 14.18299961 ... 14.215      14.258
   0.70141297]
 [14.69099998 14.53499985 14.23900032 ... 14.335      14.38
   0.44869809]
 [14.13899994 13.82800007 13.79300022 ... 13.613      13.661
   0.73302806]
 ...
 [11.91100025 11.63199997 11.58600044 ... 11.506      11.528
   1.10468381]
 [ 9.54800034  9.02200031  8.90299988 ...  8.825       8.943
   0.72845937]
 [12.15400028 11.87199974 11.81400013 ... 11.807      11.829
   1.2345698 ]]
68.96957827687106
-1.6096654796396705
here
Traceback (most recent call last):
  File "T_PDM_p_all.py", line 594, in <module>
    save_inf(pred_means,pred_weights,pred_std,ids,test=False,train=True,y_train=y_train)
  File "T_PDM_p_all.py", line 581, in save_inf
    al.write('Tables/train_rc_p.fits')
  File "/homes/nramachandra/anaconda3/envs/tf_gpu/lib/python3.6/site-packages/astropy/table/connect.py", line 114, in __call__
    registry.write(instance, *args, **kwargs)
  File "/homes/nramachandra/anaconda3/envs/tf_gpu/lib/python3.6/site-packages/astropy/io/registry.py", line 566, in write
    writer(data, *args, **kwargs)
  File "/homes/nramachandra/anaconda3/envs/tf_gpu/lib/python3.6/site-packages/astropy/io/fits/connect.py", line 394, in write_table_fits
    raise OSError("File exists: {0}".format(output))
OSError: File exists: Tables/train_rc_p.fits
srun: error: cp1-p: task 0: Exited with exit code 1
2019-09-20 19:32:55.441267: I tensorflow/core/platform/cpu_feature_guard.cc:141] Your CPU supports instructions that this TensorFlow binary was not compiled to use: SSE4.1 SSE4.2 AVX AVX2 FMA
2019-09-20 19:32:55.454022: I tensorflow/core/platform/profile_utils/cpu_utils.cc:94] CPU Frequency: 2099925000 Hz
2019-09-20 19:32:55.458767: I tensorflow/compiler/xla/service/service.cc:150] XLA service 0x7f405664e590 executing computations on platform Host. Devices:
2019-09-20 19:32:55.458807: I tensorflow/compiler/xla/service/service.cc:158]   StreamExecutor device (0): <undefined>, <undefined>
2019-09-20 19:32:56.206074: I tensorflow/compiler/xla/service/service.cc:150] XLA service 0x7f40566fde40 executing computations on platform CUDA. Devices:
2019-09-20 19:32:56.206150: I tensorflow/compiler/xla/service/service.cc:158]   StreamExecutor device (0): Tesla P100-PCIE-16GB, Compute Capability 6.0
2019-09-20 19:32:56.206472: I tensorflow/core/common_runtime/gpu/gpu_device.cc:1433] Found device 0 with properties: 
name: Tesla P100-PCIE-16GB major: 6 minor: 0 memoryClockRate(GHz): 1.3285
pciBusID: 0000:83:00.0
totalMemory: 15.90GiB freeMemory: 15.64GiB
2019-09-20 19:32:56.206508: I tensorflow/core/common_runtime/gpu/gpu_device.cc:1512] Adding visible gpu devices: 0
2019-09-20 19:32:56.209905: I tensorflow/core/common_runtime/gpu/gpu_device.cc:984] Device interconnect StreamExecutor with strength 1 edge matrix:
2019-09-20 19:32:56.209930: I tensorflow/core/common_runtime/gpu/gpu_device.cc:990]      0 
2019-09-20 19:32:56.209942: I tensorflow/core/common_runtime/gpu/gpu_device.cc:1003] 0:   N 
2019-09-20 19:32:56.210107: I tensorflow/core/common_runtime/gpu/gpu_device.cc:1115] Created TensorFlow device (/job:localhost/replica:0/task:0/device:GPU:0 with 15216 MB memory) -> physical GPU (device: 0, name: Tesla P100-PCIE-16GB, pci bus id: 0000:83:00.0, compute capability: 6.0)
WARNING: W35: None:5:0: W35: 'value' attribute required for INFO elements [astropy.io.votable.tree]
WARNING: Logging before flag parsing goes to stderr.
W0920 19:32:56.227940 139914228705088 logger.py:200] W35: None:5:0: W35: 'value' attribute required for INFO elements
WARNING: W35: None:12:0: W35: 'value' attribute required for INFO elements [astropy.io.votable.tree]
W0920 19:32:56.230997 139914228705088 logger.py:200] W35: None:12:0: W35: 'value' attribute required for INFO elements
WARNING: W35: None:13:0: W35: 'value' attribute required for INFO elements [astropy.io.votable.tree]
W0920 19:32:56.234534 139914228705088 logger.py:200] W35: None:13:0: W35: 'value' attribute required for INFO elements
WARNING: W35: None:14:0: W35: 'value' attribute required for INFO elements [astropy.io.votable.tree]
W0920 19:32:56.237294 139914228705088 logger.py:200] W35: None:14:0: W35: 'value' attribute required for INFO elements
WARNING: W35: None:16:0: W35: 'value' attribute required for INFO elements [astropy.io.votable.tree]
W0920 19:32:56.239920 139914228705088 logger.py:200] W35: None:16:0: W35: 'value' attribute required for INFO elements
WARNING: W50: None:27:0: W50: Invalid unit string '[cm/s2]' [astropy.io.votable.tree]
W0920 19:32:56.305893 139914228705088 logger.py:200] W50: None:27:0: W50: Invalid unit string '[cm/s2]'
WARNING: W50: None:28:0: W50: Invalid unit string '[Sun]' [astropy.io.votable.tree]
W0920 19:32:56.307950 139914228705088 logger.py:200] W50: None:28:0: W50: Invalid unit string '[Sun]'
WARNING: W06: None:30:0: W06: Invalid UCD 'arith.ratio': Secondary word 'arith.ratio' is not valid as a primary word [astropy.io.votable.tree]
W0920 19:32:56.314826 139914228705088 logger.py:200] W06: None:30:0: W06: Invalid UCD 'arith.ratio': Secondary word 'arith.ratio' is not valid as a primary word
WARNING: W06: None:34:0: W06: Invalid UCD 'arith.ratio': Secondary word 'arith.ratio' is not valid as a primary word [astropy.io.votable.tree]
W0920 19:32:56.316921 139914228705088 logger.py:200] W06: None:34:0: W06: Invalid UCD 'arith.ratio': Secondary word 'arith.ratio' is not valid as a primary word
WARNING: W06: None:38:0: W06: Invalid UCD 'arith.ratio': Secondary word 'arith.ratio' is not valid as a primary word [astropy.io.votable.tree]
W0920 19:32:56.319427 139914228705088 logger.py:200] W06: None:38:0: W06: Invalid UCD 'arith.ratio': Secondary word 'arith.ratio' is not valid as a primary word
2019-09-20 19:33:39.904975: I tensorflow/stream_executor/dso_loader.cc:152] successfully opened CUDA library libcublas.so.10.0 locally

WARNING: The TensorFlow contrib module will not be included in TensorFlow 2.0.
For more information, please see:
  * https://github.com/tensorflow/community/blob/master/rfcs/20180907-contrib-sunset.md
  * https://github.com/tensorflow/addons
If you depend on functionality not listed there, please file an issue.

=~=~=~=~=~=~=~=~=~=~=~=~=~=~=~=~=~=~=~=~
=~=~=~=~=~=~=~=~=~=~=~=~=~=~=~=~=~=~=~=~
0
17.8248
-0.7038
Traceback (most recent call last):
  File "nu_MDN_p.py", line 591, in <module>
    save_inf(pred_means,pred_weights,pred_std,ids,test=False,train=True,y_train=y_train)
NameError: name 'ids' is not defined
srun: error: cp1-p: task 0: Exited with exit code 1
2019-09-20 19:33:56.277064: I tensorflow/core/platform/cpu_feature_guard.cc:141] Your CPU supports instructions that this TensorFlow binary was not compiled to use: SSE4.1 SSE4.2 AVX AVX2 FMA
2019-09-20 19:33:56.291182: I tensorflow/core/platform/profile_utils/cpu_utils.cc:94] CPU Frequency: 2099925000 Hz
2019-09-20 19:33:56.296478: I tensorflow/compiler/xla/service/service.cc:150] XLA service 0x7f878bc486a0 executing computations on platform Host. Devices:
2019-09-20 19:33:56.296532: I tensorflow/compiler/xla/service/service.cc:158]   StreamExecutor device (0): <undefined>, <undefined>
2019-09-20 19:33:57.032669: I tensorflow/compiler/xla/service/service.cc:150] XLA service 0x7f878bcf7f20 executing computations on platform CUDA. Devices:
2019-09-20 19:33:57.032720: I tensorflow/compiler/xla/service/service.cc:158]   StreamExecutor device (0): Tesla P100-PCIE-16GB, Compute Capability 6.0
2019-09-20 19:33:57.033008: I tensorflow/core/common_runtime/gpu/gpu_device.cc:1433] Found device 0 with properties: 
name: Tesla P100-PCIE-16GB major: 6 minor: 0 memoryClockRate(GHz): 1.3285
pciBusID: 0000:83:00.0
totalMemory: 15.90GiB freeMemory: 15.64GiB
2019-09-20 19:33:57.033040: I tensorflow/core/common_runtime/gpu/gpu_device.cc:1512] Adding visible gpu devices: 0
2019-09-20 19:33:57.038941: I tensorflow/core/common_runtime/gpu/gpu_device.cc:984] Device interconnect StreamExecutor with strength 1 edge matrix:
2019-09-20 19:33:57.038976: I tensorflow/core/common_runtime/gpu/gpu_device.cc:990]      0 
2019-09-20 19:33:57.038988: I tensorflow/core/common_runtime/gpu/gpu_device.cc:1003] 0:   N 
2019-09-20 19:33:57.039149: I tensorflow/core/common_runtime/gpu/gpu_device.cc:1115] Created TensorFlow device (/job:localhost/replica:0/task:0/device:GPU:0 with 15216 MB memory) -> physical GPU (device: 0, name: Tesla P100-PCIE-16GB, pci bus id: 0000:83:00.0, compute capability: 6.0)
WARNING: W35: None:5:0: W35: 'value' attribute required for INFO elements [astropy.io.votable.tree]
WARNING: Logging before flag parsing goes to stderr.
W0920 19:33:57.056874 140220047791936 logger.py:200] W35: None:5:0: W35: 'value' attribute required for INFO elements
WARNING: W35: None:12:0: W35: 'value' attribute required for INFO elements [astropy.io.votable.tree]
W0920 19:33:57.059917 140220047791936 logger.py:200] W35: None:12:0: W35: 'value' attribute required for INFO elements
WARNING: W35: None:13:0: W35: 'value' attribute required for INFO elements [astropy.io.votable.tree]
W0920 19:33:57.063405 140220047791936 logger.py:200] W35: None:13:0: W35: 'value' attribute required for INFO elements
WARNING: W35: None:14:0: W35: 'value' attribute required for INFO elements [astropy.io.votable.tree]
W0920 19:33:57.065969 140220047791936 logger.py:200] W35: None:14:0: W35: 'value' attribute required for INFO elements
WARNING: W35: None:16:0: W35: 'value' attribute required for INFO elements [astropy.io.votable.tree]
W0920 19:33:57.068535 140220047791936 logger.py:200] W35: None:16:0: W35: 'value' attribute required for INFO elements
WARNING: W50: None:27:0: W50: Invalid unit string '[cm/s2]' [astropy.io.votable.tree]
W0920 19:33:57.133571 140220047791936 logger.py:200] W50: None:27:0: W50: Invalid unit string '[cm/s2]'
WARNING: W50: None:28:0: W50: Invalid unit string '[Sun]' [astropy.io.votable.tree]
W0920 19:33:57.135565 140220047791936 logger.py:200] W50: None:28:0: W50: Invalid unit string '[Sun]'
WARNING: W06: None:30:0: W06: Invalid UCD 'arith.ratio': Secondary word 'arith.ratio' is not valid as a primary word [astropy.io.votable.tree]
W0920 19:33:57.142740 140220047791936 logger.py:200] W06: None:30:0: W06: Invalid UCD 'arith.ratio': Secondary word 'arith.ratio' is not valid as a primary word
WARNING: W06: None:34:0: W06: Invalid UCD 'arith.ratio': Secondary word 'arith.ratio' is not valid as a primary word [astropy.io.votable.tree]
W0920 19:33:57.144826 140220047791936 logger.py:200] W06: None:34:0: W06: Invalid UCD 'arith.ratio': Secondary word 'arith.ratio' is not valid as a primary word
WARNING: W06: None:38:0: W06: Invalid UCD 'arith.ratio': Secondary word 'arith.ratio' is not valid as a primary word [astropy.io.votable.tree]
W0920 19:33:57.147315 140220047791936 logger.py:200] W06: None:38:0: W06: Invalid UCD 'arith.ratio': Secondary word 'arith.ratio' is not valid as a primary word
2019-09-20 19:41:55.911182: I tensorflow/stream_executor/dso_loader.cc:152] successfully opened CUDA library libcublas.so.10.0 locally

WARNING: The TensorFlow contrib module will not be included in TensorFlow 2.0.
For more information, please see:
  * https://github.com/tensorflow/community/blob/master/rfcs/20180907-contrib-sunset.md
  * https://github.com/tensorflow/addons
If you depend on functionality not listed there, please file an issue.

=~=~=~=~=~=~=~=~=~=~=~=~=~=~=~=~=~=~=~=~
=~=~=~=~=~=~=~=~=~=~=~=~=~=~=~=~=~=~=~=~
0
17.8248
-0.7038
Traceback (most recent call last):
  File "P_MDN_p.py", line 608, in <module>
    save_inf(pred_means,pred_weights,pred_std,ids,test=False,train=True,y_train=y_train)
  File "P_MDN_p.py", line 595, in save_inf
    al.write('Tables/train_rc_p.fits')
  File "/homes/nramachandra/anaconda3/envs/tf_gpu/lib/python3.6/site-packages/astropy/table/connect.py", line 114, in __call__
    registry.write(instance, *args, **kwargs)
  File "/homes/nramachandra/anaconda3/envs/tf_gpu/lib/python3.6/site-packages/astropy/io/registry.py", line 566, in write
    writer(data, *args, **kwargs)
  File "/homes/nramachandra/anaconda3/envs/tf_gpu/lib/python3.6/site-packages/astropy/io/fits/connect.py", line 394, in write_table_fits
    raise OSError("File exists: {0}".format(output))
OSError: File exists: Tables/train_rc_p.fits
srun: error: cp1-p: task 0: Exited with exit code 1
[729] End job
