[0] setting up environment
2019-09-20 19:28:56.415017: I tensorflow/core/platform/cpu_feature_guard.cc:141] Your CPU supports instructions that this TensorFlow binary was not compiled to use: SSE4.1 SSE4.2 AVX AVX2 FMA
2019-09-20 19:28:56.430221: I tensorflow/core/platform/profile_utils/cpu_utils.cc:94] CPU Frequency: 2099925000 Hz
2019-09-20 19:28:56.435489: I tensorflow/compiler/xla/service/service.cc:150] XLA service 0x7fab3f588130 executing computations on platform Host. Devices:
2019-09-20 19:28:56.435545: I tensorflow/compiler/xla/service/service.cc:158]   StreamExecutor device (0): <undefined>, <undefined>
2019-09-20 19:28:57.187159: I tensorflow/compiler/xla/service/service.cc:150] XLA service 0x7fab3f6379f0 executing computations on platform CUDA. Devices:
2019-09-20 19:28:57.187201: I tensorflow/compiler/xla/service/service.cc:158]   StreamExecutor device (0): Tesla P100-PCIE-16GB, Compute Capability 6.0
2019-09-20 19:28:57.187428: I tensorflow/core/common_runtime/gpu/gpu_device.cc:1433] Found device 0 with properties: 
name: Tesla P100-PCIE-16GB major: 6 minor: 0 memoryClockRate(GHz): 1.3285
pciBusID: 0000:83:00.0
totalMemory: 15.90GiB freeMemory: 15.64GiB
2019-09-20 19:28:57.187454: I tensorflow/core/common_runtime/gpu/gpu_device.cc:1512] Adding visible gpu devices: 0
2019-09-20 19:28:57.194008: I tensorflow/core/common_runtime/gpu/gpu_device.cc:984] Device interconnect StreamExecutor with strength 1 edge matrix:
2019-09-20 19:28:57.194035: I tensorflow/core/common_runtime/gpu/gpu_device.cc:990]      0 
2019-09-20 19:28:57.194045: I tensorflow/core/common_runtime/gpu/gpu_device.cc:1003] 0:   N 
2019-09-20 19:28:57.194195: I tensorflow/core/common_runtime/gpu/gpu_device.cc:1115] Created TensorFlow device (/job:localhost/replica:0/task:0/device:GPU:0 with 15216 MB memory) -> physical GPU (device: 0, name: Tesla P100-PCIE-16GB, pci bus id: 0000:83:00.0, compute capability: 6.0)
2019-09-20 19:29:01.335404: I tensorflow/stream_executor/dso_loader.cc:152] successfully opened CUDA library libcublas.so.10.0 locally
srun: got SIGCONT
srun: Job step aborted: Waiting up to 32 seconds for job step to finish.
slurmstepd: error: *** STEP 7269.0 ON cp1-p CANCELLED AT 2019-09-20T19:29:01 ***
slurmstepd: error: *** JOB 7269 ON cp1-p CANCELLED AT 2019-09-20T19:29:01 ***
srun: forcing job termination
