[0] setting up environment
2019-09-20 21:27:21.139562: I tensorflow/core/platform/cpu_feature_guard.cc:141] Your CPU supports instructions that this TensorFlow binary was not compiled to use: SSE4.1 SSE4.2 AVX AVX2 FMA
2019-09-20 21:27:21.149306: I tensorflow/core/platform/profile_utils/cpu_utils.cc:94] CPU Frequency: 2099925000 Hz
2019-09-20 21:27:21.153010: I tensorflow/compiler/xla/service/service.cc:150] XLA service 0x7fe924f55700 executing computations on platform Host. Devices:
2019-09-20 21:27:21.153048: I tensorflow/compiler/xla/service/service.cc:158]   StreamExecutor device (0): <undefined>, <undefined>
2019-09-20 21:27:21.789661: I tensorflow/compiler/xla/service/service.cc:150] XLA service 0x7fe925004f80 executing computations on platform CUDA. Devices:
2019-09-20 21:27:21.789710: I tensorflow/compiler/xla/service/service.cc:158]   StreamExecutor device (0): Tesla P100-PCIE-16GB, Compute Capability 6.0
2019-09-20 21:27:21.790021: I tensorflow/core/common_runtime/gpu/gpu_device.cc:1433] Found device 0 with properties: 
name: Tesla P100-PCIE-16GB major: 6 minor: 0 memoryClockRate(GHz): 1.3285
pciBusID: 0000:83:00.0
totalMemory: 15.90GiB freeMemory: 15.64GiB
2019-09-20 21:27:21.790055: I tensorflow/core/common_runtime/gpu/gpu_device.cc:1512] Adding visible gpu devices: 0
2019-09-20 21:27:21.793777: I tensorflow/core/common_runtime/gpu/gpu_device.cc:984] Device interconnect StreamExecutor with strength 1 edge matrix:
2019-09-20 21:27:21.793800: I tensorflow/core/common_runtime/gpu/gpu_device.cc:990]      0 
2019-09-20 21:27:21.793810: I tensorflow/core/common_runtime/gpu/gpu_device.cc:1003] 0:   N 
2019-09-20 21:27:21.793968: I tensorflow/core/common_runtime/gpu/gpu_device.cc:1115] Created TensorFlow device (/job:localhost/replica:0/task:0/device:GPU:0 with 15216 MB memory) -> physical GPU (device: 0, name: Tesla P100-PCIE-16GB, pci bus id: 0000:83:00.0, compute capability: 6.0)
2019-09-20 21:27:26.035892: I tensorflow/stream_executor/dso_loader.cc:152] successfully opened CUDA library libcublas.so.10.0 locally

WARNING: The TensorFlow contrib module will not be included in TensorFlow 2.0.
For more information, please see:
  * https://github.com/tensorflow/community/blob/master/rfcs/20180907-contrib-sunset.md
  * https://github.com/tensorflow/addons
If you depend on functionality not listed there, please file an issue.

=~=~=~=~=~=~=~=~=~=~=~=~=~=~=~=~=~=~=~=~
=~=~=~=~=~=~=~=~=~=~=~=~=~=~=~=~=~=~=~=~
1287964
[      0       1       2 ... 1287961 1287962 1287963]
[[1.42010002e+01 1.36470003e+01 1.35600004e+01 ... 1.34940000e+01
  1.35240000e+01 2.31071287e-01]
 [1.52720003e+01 1.46890001e+01 1.46199999e+01 ... 1.45640000e+01
  1.45340000e+01 2.50156382e-02]
 [1.45600004e+01 1.39490004e+01 1.38900003e+01 ... 1.38140000e+01
  1.39120000e+01 1.21588542e-02]
 ...
 [1.17799997e+01 1.12049999e+01 1.10889997e+01 ... 1.10090000e+01
  1.11170000e+01 3.90151217e-01]
 [1.02880001e+01 9.57100010e+00 9.40699959e+00 ... 9.34100000e+00
  9.46400000e+00 1.54063787e-01]
 [9.54800034e+00 9.02200031e+00 8.90299988e+00 ... 8.82500000e+00
  8.94300000e+00 7.28459370e-01]]
17.824765284426462
-1.0782020547003095
here
Traceback (most recent call last):
  File "T_PDM_p.py", line 592, in <module>
    save_inf(pred_means,pred_weights,pred_std,ids,test=False,train=True,y_train=y_train)
  File "T_PDM_p.py", line 579, in save_inf
    al.write('Tables/train_rc_p.fits')
  File "/homes/nramachandra/anaconda3/envs/tf_gpu/lib/python3.6/site-packages/astropy/table/connect.py", line 114, in __call__
    registry.write(instance, *args, **kwargs)
  File "/homes/nramachandra/anaconda3/envs/tf_gpu/lib/python3.6/site-packages/astropy/io/registry.py", line 566, in write
    writer(data, *args, **kwargs)
  File "/homes/nramachandra/anaconda3/envs/tf_gpu/lib/python3.6/site-packages/astropy/io/fits/connect.py", line 394, in write_table_fits
    raise OSError("File exists: {0}".format(output))
OSError: File exists: Tables/train_rc_p.fits
srun: error: cp1-p: task 0: Exited with exit code 1
2019-09-20 21:27:47.507728: I tensorflow/core/platform/cpu_feature_guard.cc:141] Your CPU supports instructions that this TensorFlow binary was not compiled to use: SSE4.1 SSE4.2 AVX AVX2 FMA
2019-09-20 21:27:47.522725: I tensorflow/core/platform/profile_utils/cpu_utils.cc:94] CPU Frequency: 2099925000 Hz
2019-09-20 21:27:47.528010: I tensorflow/compiler/xla/service/service.cc:150] XLA service 0x7f35d5a36b30 executing computations on platform Host. Devices:
2019-09-20 21:27:47.528078: I tensorflow/compiler/xla/service/service.cc:158]   StreamExecutor device (0): <undefined>, <undefined>
2019-09-20 21:27:48.279517: I tensorflow/compiler/xla/service/service.cc:150] XLA service 0x7f35d5ae63e0 executing computations on platform CUDA. Devices:
2019-09-20 21:27:48.279561: I tensorflow/compiler/xla/service/service.cc:158]   StreamExecutor device (0): Tesla P100-PCIE-16GB, Compute Capability 6.0
2019-09-20 21:27:48.279811: I tensorflow/core/common_runtime/gpu/gpu_device.cc:1433] Found device 0 with properties: 
name: Tesla P100-PCIE-16GB major: 6 minor: 0 memoryClockRate(GHz): 1.3285
pciBusID: 0000:83:00.0
totalMemory: 15.90GiB freeMemory: 15.64GiB
2019-09-20 21:27:48.279837: I tensorflow/core/common_runtime/gpu/gpu_device.cc:1512] Adding visible gpu devices: 0
2019-09-20 21:27:48.283495: I tensorflow/core/common_runtime/gpu/gpu_device.cc:984] Device interconnect StreamExecutor with strength 1 edge matrix:
2019-09-20 21:27:48.283519: I tensorflow/core/common_runtime/gpu/gpu_device.cc:990]      0 
2019-09-20 21:27:48.283530: I tensorflow/core/common_runtime/gpu/gpu_device.cc:1003] 0:   N 
2019-09-20 21:27:48.283679: I tensorflow/core/common_runtime/gpu/gpu_device.cc:1115] Created TensorFlow device (/job:localhost/replica:0/task:0/device:GPU:0 with 15216 MB memory) -> physical GPU (device: 0, name: Tesla P100-PCIE-16GB, pci bus id: 0000:83:00.0, compute capability: 6.0)
2019-09-20 21:27:52.785993: I tensorflow/stream_executor/dso_loader.cc:152] successfully opened CUDA library libcublas.so.10.0 locally

WARNING: The TensorFlow contrib module will not be included in TensorFlow 2.0.
For more information, please see:
  * https://github.com/tensorflow/community/blob/master/rfcs/20180907-contrib-sunset.md
  * https://github.com/tensorflow/addons
If you depend on functionality not listed there, please file an issue.

=~=~=~=~=~=~=~=~=~=~=~=~=~=~=~=~=~=~=~=~
=~=~=~=~=~=~=~=~=~=~=~=~=~=~=~=~=~=~=~=~
1287964
[      0       1       2 ... 1287961 1287962 1287963]
[[1.42010002e+01 1.36470003e+01 1.35600004e+01 ... 1.34940000e+01
  1.35240000e+01 2.31071287e-01]
 [1.52720003e+01 1.46890001e+01 1.46199999e+01 ... 1.45640000e+01
  1.45340000e+01 2.50156382e-02]
 [1.45600004e+01 1.39490004e+01 1.38900003e+01 ... 1.38140000e+01
  1.39120000e+01 1.21588542e-02]
 ...
 [1.17799997e+01 1.12049999e+01 1.10889997e+01 ... 1.10090000e+01
  1.11170000e+01 3.90151217e-01]
 [1.02880001e+01 9.57100010e+00 9.40699959e+00 ... 9.34100000e+00
  9.46400000e+00 1.54063787e-01]
 [9.54800034e+00 9.02200031e+00 8.90299988e+00 ... 8.82500000e+00
  8.94300000e+00 7.28459370e-01]]
17.824765284426462
-1.0782020547003095
[[0.53972578 0.5060537  0.50076586 ... 0.49675435 0.49857775 0.06926285]
 [0.60482109 0.56938638 0.56519255 ... 0.56178888 0.55996548 0.05836214]
 [0.56154578 0.52440924 0.52082323 ... 0.51620393 0.52216037 0.057682  ]
 ...
 [0.39257754 0.35762909 0.35057861 ... 0.34571623 0.35228047 0.07767845]
 [0.30189391 0.2583147  0.24834676 ... 0.24433531 0.25181124 0.06518902]
 [0.25691678 0.22494653 0.2177137  ... 0.21297287 0.2201449  0.09557555]]
Traceback (most recent call last):
  File "g_PDM_p.py", line 587, in <module>
    save_inf(train_means,train_weights,train_std,ids,test=False,train=True,y_train=y_train)
NameError: name 'ids' is not defined
srun: error: cp1-p: task 0: Exited with exit code 1
2019-09-20 21:28:14.137097: I tensorflow/core/platform/cpu_feature_guard.cc:141] Your CPU supports instructions that this TensorFlow binary was not compiled to use: SSE4.1 SSE4.2 AVX AVX2 FMA
2019-09-20 21:28:14.152537: I tensorflow/core/platform/profile_utils/cpu_utils.cc:94] CPU Frequency: 2099925000 Hz
2019-09-20 21:28:14.157149: I tensorflow/compiler/xla/service/service.cc:150] XLA service 0x7fbd634266f0 executing computations on platform Host. Devices:
2019-09-20 21:28:14.157201: I tensorflow/compiler/xla/service/service.cc:158]   StreamExecutor device (0): <undefined>, <undefined>
2019-09-20 21:28:14.851315: I tensorflow/compiler/xla/service/service.cc:150] XLA service 0x7fbd634d5f70 executing computations on platform CUDA. Devices:
2019-09-20 21:28:14.851345: I tensorflow/compiler/xla/service/service.cc:158]   StreamExecutor device (0): Tesla P100-PCIE-16GB, Compute Capability 6.0
2019-09-20 21:28:14.851529: I tensorflow/core/common_runtime/gpu/gpu_device.cc:1433] Found device 0 with properties: 
name: Tesla P100-PCIE-16GB major: 6 minor: 0 memoryClockRate(GHz): 1.3285
pciBusID: 0000:83:00.0
totalMemory: 15.90GiB freeMemory: 15.64GiB
2019-09-20 21:28:14.851547: I tensorflow/core/common_runtime/gpu/gpu_device.cc:1512] Adding visible gpu devices: 0
2019-09-20 21:28:14.854503: I tensorflow/core/common_runtime/gpu/gpu_device.cc:984] Device interconnect StreamExecutor with strength 1 edge matrix:
2019-09-20 21:28:14.854528: I tensorflow/core/common_runtime/gpu/gpu_device.cc:990]      0 
2019-09-20 21:28:14.854540: I tensorflow/core/common_runtime/gpu/gpu_device.cc:1003] 0:   N 
2019-09-20 21:28:14.854688: I tensorflow/core/common_runtime/gpu/gpu_device.cc:1115] Created TensorFlow device (/job:localhost/replica:0/task:0/device:GPU:0 with 15216 MB memory) -> physical GPU (device: 0, name: Tesla P100-PCIE-16GB, pci bus id: 0000:83:00.0, compute capability: 6.0)
2019-09-20 21:28:20.484130: I tensorflow/stream_executor/dso_loader.cc:152] successfully opened CUDA library libcublas.so.10.0 locally

WARNING: The TensorFlow contrib module will not be included in TensorFlow 2.0.
For more information, please see:
  * https://github.com/tensorflow/community/blob/master/rfcs/20180907-contrib-sunset.md
  * https://github.com/tensorflow/addons
If you depend on functionality not listed there, please file an issue.

=~=~=~=~=~=~=~=~=~=~=~=~=~=~=~=~=~=~=~=~
=~=~=~=~=~=~=~=~=~=~=~=~=~=~=~=~=~=~=~=~
1287964
[      0       1       2 ... 1287961 1287962 1287963]
[[14.68299961 14.22999954 14.18299961 ... 14.215      14.258
   0.70141297]
 [14.69099998 14.53499985 14.23900032 ... 14.335      14.38
   0.44869809]
 [14.13899994 13.82800007 13.79300022 ... 13.613      13.661
   0.73302806]
 ...
 [11.91100025 11.63199997 11.58600044 ... 11.506      11.528
   1.10468381]
 [ 9.54800034  9.02200031  8.90299988 ...  8.825       8.943
   0.72845937]
 [12.15400028 11.87199974 11.81400013 ... 11.807      11.829
   1.2345698 ]]
68.96957827687106
-1.6096654796396705
[[0.52449938 0.49912038 0.49648724 ... 0.49828004 0.50068908 0.03274445]
 [0.5249476  0.5162078  0.49962464 ... 0.50500295 0.50752404 0.02916387]
 [0.49402219 0.47659864 0.4746378  ... 0.46455341 0.46724258 0.03319239]
 ...
 [0.36920009 0.35356929 0.3509922  ... 0.34651023 0.34774277 0.03845818]
 [0.23681469 0.20734592 0.200679   ... 0.19630911 0.20291998 0.03312766]
 [0.38281399 0.36701511 0.36376572 ... 0.36337355 0.36460608 0.04029847]]
/homes/nramachandra/anaconda3/envs/tf_gpu/lib/python3.6/site-packages/matplotlib/figure.py:445: UserWarning: Matplotlib is currently using agg, which is a non-GUI backend, so cannot show the figure.
  % get_backend())
Traceback (most recent call last):
  File "g_PDM_p_all.py", line 579, in <module>
    save_inf(train_means,train_weights,train_std,ids,test=False,train=True,y_train=y_train)
NameError: name 'ids' is not defined
srun: error: cp1-p: task 0: Exited with exit code 1
2019-09-20 21:29:22.957385: I tensorflow/core/platform/cpu_feature_guard.cc:141] Your CPU supports instructions that this TensorFlow binary was not compiled to use: SSE4.1 SSE4.2 AVX AVX2 FMA
2019-09-20 21:29:22.971597: I tensorflow/core/platform/profile_utils/cpu_utils.cc:94] CPU Frequency: 2099925000 Hz
2019-09-20 21:29:22.976294: I tensorflow/compiler/xla/service/service.cc:150] XLA service 0x7f567734ef70 executing computations on platform Host. Devices:
2019-09-20 21:29:22.976341: I tensorflow/compiler/xla/service/service.cc:158]   StreamExecutor device (0): <undefined>, <undefined>
2019-09-20 21:29:23.633065: I tensorflow/compiler/xla/service/service.cc:150] XLA service 0x7f56773fe810 executing computations on platform CUDA. Devices:
2019-09-20 21:29:23.633118: I tensorflow/compiler/xla/service/service.cc:158]   StreamExecutor device (0): Tesla P100-PCIE-16GB, Compute Capability 6.0
2019-09-20 21:29:23.633410: I tensorflow/core/common_runtime/gpu/gpu_device.cc:1433] Found device 0 with properties: 
name: Tesla P100-PCIE-16GB major: 6 minor: 0 memoryClockRate(GHz): 1.3285
pciBusID: 0000:83:00.0
totalMemory: 15.90GiB freeMemory: 15.64GiB
2019-09-20 21:29:23.633437: I tensorflow/core/common_runtime/gpu/gpu_device.cc:1512] Adding visible gpu devices: 0
2019-09-20 21:29:23.637084: I tensorflow/core/common_runtime/gpu/gpu_device.cc:984] Device interconnect StreamExecutor with strength 1 edge matrix:
2019-09-20 21:29:23.637109: I tensorflow/core/common_runtime/gpu/gpu_device.cc:990]      0 
2019-09-20 21:29:23.637119: I tensorflow/core/common_runtime/gpu/gpu_device.cc:1003] 0:   N 
2019-09-20 21:29:23.637269: I tensorflow/core/common_runtime/gpu/gpu_device.cc:1115] Created TensorFlow device (/job:localhost/replica:0/task:0/device:GPU:0 with 15216 MB memory) -> physical GPU (device: 0, name: Tesla P100-PCIE-16GB, pci bus id: 0000:83:00.0, compute capability: 6.0)
2019-09-20 21:29:29.928533: I tensorflow/stream_executor/dso_loader.cc:152] successfully opened CUDA library libcublas.so.10.0 locally

WARNING: The TensorFlow contrib module will not be included in TensorFlow 2.0.
For more information, please see:
  * https://github.com/tensorflow/community/blob/master/rfcs/20180907-contrib-sunset.md
  * https://github.com/tensorflow/addons
If you depend on functionality not listed there, please file an issue.

=~=~=~=~=~=~=~=~=~=~=~=~=~=~=~=~=~=~=~=~
=~=~=~=~=~=~=~=~=~=~=~=~=~=~=~=~=~=~=~=~
1287964
[      0       1       2 ... 1287961 1287962 1287963]
[[14.68299961 14.22999954 14.18299961 ... 14.215      14.258
   0.70141297]
 [14.69099998 14.53499985 14.23900032 ... 14.335      14.38
   0.44869809]
 [14.13899994 13.82800007 13.79300022 ... 13.613      13.661
   0.73302806]
 ...
 [11.91100025 11.63199997 11.58600044 ... 11.506      11.528
   1.10468381]
 [ 9.54800034  9.02200031  8.90299988 ...  8.825       8.943
   0.72845937]
 [12.15400028 11.87199974 11.81400013 ... 11.807      11.829
   1.2345698 ]]
68.96957827687106
-1.6096654796396705
here
Traceback (most recent call last):
  File "T_PDM_p_all.py", line 596, in <module>
    save_inf(pred_means,pred_weights,pred_std,ids,test=False,train=True,y_train=y_train)
  File "T_PDM_p_all.py", line 583, in save_inf
    al.write('Tables/train_rc_p.fits')
  File "/homes/nramachandra/anaconda3/envs/tf_gpu/lib/python3.6/site-packages/astropy/table/connect.py", line 114, in __call__
    registry.write(instance, *args, **kwargs)
  File "/homes/nramachandra/anaconda3/envs/tf_gpu/lib/python3.6/site-packages/astropy/io/registry.py", line 566, in write
    writer(data, *args, **kwargs)
  File "/homes/nramachandra/anaconda3/envs/tf_gpu/lib/python3.6/site-packages/astropy/io/fits/connect.py", line 394, in write_table_fits
    raise OSError("File exists: {0}".format(output))
OSError: File exists: Tables/train_rc_p.fits
srun: error: cp1-p: task 0: Exited with exit code 1
2019-09-20 21:30:40.648669: I tensorflow/core/platform/cpu_feature_guard.cc:141] Your CPU supports instructions that this TensorFlow binary was not compiled to use: SSE4.1 SSE4.2 AVX AVX2 FMA
2019-09-20 21:30:40.661545: I tensorflow/core/platform/profile_utils/cpu_utils.cc:94] CPU Frequency: 2099925000 Hz
2019-09-20 21:30:40.665693: I tensorflow/compiler/xla/service/service.cc:150] XLA service 0x7f400a842e40 executing computations on platform Host. Devices:
2019-09-20 21:30:40.665737: I tensorflow/compiler/xla/service/service.cc:158]   StreamExecutor device (0): <undefined>, <undefined>
2019-09-20 21:30:41.396574: I tensorflow/compiler/xla/service/service.cc:150] XLA service 0x7f400a8f26d0 executing computations on platform CUDA. Devices:
2019-09-20 21:30:41.396615: I tensorflow/compiler/xla/service/service.cc:158]   StreamExecutor device (0): Tesla P100-PCIE-16GB, Compute Capability 6.0
2019-09-20 21:30:41.396843: I tensorflow/core/common_runtime/gpu/gpu_device.cc:1433] Found device 0 with properties: 
name: Tesla P100-PCIE-16GB major: 6 minor: 0 memoryClockRate(GHz): 1.3285
pciBusID: 0000:83:00.0
totalMemory: 15.90GiB freeMemory: 15.64GiB
2019-09-20 21:30:41.396867: I tensorflow/core/common_runtime/gpu/gpu_device.cc:1512] Adding visible gpu devices: 0
2019-09-20 21:30:41.401761: I tensorflow/core/common_runtime/gpu/gpu_device.cc:984] Device interconnect StreamExecutor with strength 1 edge matrix:
2019-09-20 21:30:41.401787: I tensorflow/core/common_runtime/gpu/gpu_device.cc:990]      0 
2019-09-20 21:30:41.401795: I tensorflow/core/common_runtime/gpu/gpu_device.cc:1003] 0:   N 
2019-09-20 21:30:41.401963: I tensorflow/core/common_runtime/gpu/gpu_device.cc:1115] Created TensorFlow device (/job:localhost/replica:0/task:0/device:GPU:0 with 15216 MB memory) -> physical GPU (device: 0, name: Tesla P100-PCIE-16GB, pci bus id: 0000:83:00.0, compute capability: 6.0)
WARNING: W35: None:5:0: W35: 'value' attribute required for INFO elements [astropy.io.votable.tree]
WARNING: Logging before flag parsing goes to stderr.
W0920 21:30:41.420982 139912934074176 logger.py:200] W35: None:5:0: W35: 'value' attribute required for INFO elements
WARNING: W35: None:12:0: W35: 'value' attribute required for INFO elements [astropy.io.votable.tree]
W0920 21:30:41.424369 139912934074176 logger.py:200] W35: None:12:0: W35: 'value' attribute required for INFO elements
WARNING: W35: None:13:0: W35: 'value' attribute required for INFO elements [astropy.io.votable.tree]
W0920 21:30:41.428197 139912934074176 logger.py:200] W35: None:13:0: W35: 'value' attribute required for INFO elements
WARNING: W35: None:14:0: W35: 'value' attribute required for INFO elements [astropy.io.votable.tree]
W0920 21:30:41.430997 139912934074176 logger.py:200] W35: None:14:0: W35: 'value' attribute required for INFO elements
WARNING: W35: None:16:0: W35: 'value' attribute required for INFO elements [astropy.io.votable.tree]
W0920 21:30:41.433786 139912934074176 logger.py:200] W35: None:16:0: W35: 'value' attribute required for INFO elements
WARNING: W50: None:27:0: W50: Invalid unit string '[cm/s2]' [astropy.io.votable.tree]
W0920 21:30:41.503055 139912934074176 logger.py:200] W50: None:27:0: W50: Invalid unit string '[cm/s2]'
WARNING: W50: None:28:0: W50: Invalid unit string '[Sun]' [astropy.io.votable.tree]
W0920 21:30:41.505167 139912934074176 logger.py:200] W50: None:28:0: W50: Invalid unit string '[Sun]'
WARNING: W06: None:30:0: W06: Invalid UCD 'arith.ratio': Secondary word 'arith.ratio' is not valid as a primary word [astropy.io.votable.tree]
W0920 21:30:41.513065 139912934074176 logger.py:200] W06: None:30:0: W06: Invalid UCD 'arith.ratio': Secondary word 'arith.ratio' is not valid as a primary word
WARNING: W06: None:34:0: W06: Invalid UCD 'arith.ratio': Secondary word 'arith.ratio' is not valid as a primary word [astropy.io.votable.tree]
W0920 21:30:41.515388 139912934074176 logger.py:200] W06: None:34:0: W06: Invalid UCD 'arith.ratio': Secondary word 'arith.ratio' is not valid as a primary word
WARNING: W06: None:38:0: W06: Invalid UCD 'arith.ratio': Secondary word 'arith.ratio' is not valid as a primary word [astropy.io.votable.tree]
W0920 21:30:41.518154 139912934074176 logger.py:200] W06: None:38:0: W06: Invalid UCD 'arith.ratio': Secondary word 'arith.ratio' is not valid as a primary word
2019-09-20 21:31:25.640991: I tensorflow/stream_executor/dso_loader.cc:152] successfully opened CUDA library libcublas.so.10.0 locally

WARNING: The TensorFlow contrib module will not be included in TensorFlow 2.0.
For more information, please see:
  * https://github.com/tensorflow/community/blob/master/rfcs/20180907-contrib-sunset.md
  * https://github.com/tensorflow/addons
If you depend on functionality not listed there, please file an issue.

=~=~=~=~=~=~=~=~=~=~=~=~=~=~=~=~=~=~=~=~
=~=~=~=~=~=~=~=~=~=~=~=~=~=~=~=~=~=~=~=~
0
17.8248
-0.7038
Traceback (most recent call last):
  File "nu_MDN_p.py", line 592, in <module>
    save_inf(pred_means,pred_weights,pred_std,ids,test=False,train=True,y_train=y_train)
NameError: name 'ids' is not defined
srun: error: cp1-p: task 0: Exited with exit code 1
2019-09-20 21:31:42.202056: I tensorflow/core/platform/cpu_feature_guard.cc:141] Your CPU supports instructions that this TensorFlow binary was not compiled to use: SSE4.1 SSE4.2 AVX AVX2 FMA
2019-09-20 21:31:42.216378: I tensorflow/core/platform/profile_utils/cpu_utils.cc:94] CPU Frequency: 2099925000 Hz
2019-09-20 21:31:42.221248: I tensorflow/compiler/xla/service/service.cc:150] XLA service 0x7f37e7166570 executing computations on platform Host. Devices:
2019-09-20 21:31:42.221297: I tensorflow/compiler/xla/service/service.cc:158]   StreamExecutor device (0): <undefined>, <undefined>
2019-09-20 21:31:42.975704: I tensorflow/compiler/xla/service/service.cc:150] XLA service 0x7f37e7215e20 executing computations on platform CUDA. Devices:
2019-09-20 21:31:42.975776: I tensorflow/compiler/xla/service/service.cc:158]   StreamExecutor device (0): Tesla P100-PCIE-16GB, Compute Capability 6.0
2019-09-20 21:31:42.976040: I tensorflow/core/common_runtime/gpu/gpu_device.cc:1433] Found device 0 with properties: 
name: Tesla P100-PCIE-16GB major: 6 minor: 0 memoryClockRate(GHz): 1.3285
pciBusID: 0000:83:00.0
totalMemory: 15.90GiB freeMemory: 15.64GiB
2019-09-20 21:31:42.976071: I tensorflow/core/common_runtime/gpu/gpu_device.cc:1512] Adding visible gpu devices: 0
2019-09-20 21:31:42.982278: I tensorflow/core/common_runtime/gpu/gpu_device.cc:984] Device interconnect StreamExecutor with strength 1 edge matrix:
2019-09-20 21:31:42.982314: I tensorflow/core/common_runtime/gpu/gpu_device.cc:990]      0 
2019-09-20 21:31:42.982326: I tensorflow/core/common_runtime/gpu/gpu_device.cc:1003] 0:   N 
2019-09-20 21:31:42.982487: I tensorflow/core/common_runtime/gpu/gpu_device.cc:1115] Created TensorFlow device (/job:localhost/replica:0/task:0/device:GPU:0 with 15216 MB memory) -> physical GPU (device: 0, name: Tesla P100-PCIE-16GB, pci bus id: 0000:83:00.0, compute capability: 6.0)
WARNING: W35: None:5:0: W35: 'value' attribute required for INFO elements [astropy.io.votable.tree]
WARNING: Logging before flag parsing goes to stderr.
W0920 21:31:42.999828 139877977937728 logger.py:200] W35: None:5:0: W35: 'value' attribute required for INFO elements
WARNING: W35: None:12:0: W35: 'value' attribute required for INFO elements [astropy.io.votable.tree]
W0920 21:31:43.002878 139877977937728 logger.py:200] W35: None:12:0: W35: 'value' attribute required for INFO elements
WARNING: W35: None:13:0: W35: 'value' attribute required for INFO elements [astropy.io.votable.tree]
W0920 21:31:43.006391 139877977937728 logger.py:200] W35: None:13:0: W35: 'value' attribute required for INFO elements
WARNING: W35: None:14:0: W35: 'value' attribute required for INFO elements [astropy.io.votable.tree]
W0920 21:31:43.008982 139877977937728 logger.py:200] W35: None:14:0: W35: 'value' attribute required for INFO elements
WARNING: W35: None:16:0: W35: 'value' attribute required for INFO elements [astropy.io.votable.tree]
W0920 21:31:43.011562 139877977937728 logger.py:200] W35: None:16:0: W35: 'value' attribute required for INFO elements
WARNING: W50: None:27:0: W50: Invalid unit string '[cm/s2]' [astropy.io.votable.tree]
W0920 21:31:43.076835 139877977937728 logger.py:200] W50: None:27:0: W50: Invalid unit string '[cm/s2]'
WARNING: W50: None:28:0: W50: Invalid unit string '[Sun]' [astropy.io.votable.tree]
W0920 21:31:43.078823 139877977937728 logger.py:200] W50: None:28:0: W50: Invalid unit string '[Sun]'
WARNING: W06: None:30:0: W06: Invalid UCD 'arith.ratio': Secondary word 'arith.ratio' is not valid as a primary word [astropy.io.votable.tree]
W0920 21:31:43.085665 139877977937728 logger.py:200] W06: None:30:0: W06: Invalid UCD 'arith.ratio': Secondary word 'arith.ratio' is not valid as a primary word
WARNING: W06: None:34:0: W06: Invalid UCD 'arith.ratio': Secondary word 'arith.ratio' is not valid as a primary word [astropy.io.votable.tree]
W0920 21:31:43.087780 139877977937728 logger.py:200] W06: None:34:0: W06: Invalid UCD 'arith.ratio': Secondary word 'arith.ratio' is not valid as a primary word
WARNING: W06: None:38:0: W06: Invalid UCD 'arith.ratio': Secondary word 'arith.ratio' is not valid as a primary word [astropy.io.votable.tree]
W0920 21:31:43.090298 139877977937728 logger.py:200] W06: None:38:0: W06: Invalid UCD 'arith.ratio': Secondary word 'arith.ratio' is not valid as a primary word
2019-09-20 21:39:43.893602: I tensorflow/stream_executor/dso_loader.cc:152] successfully opened CUDA library libcublas.so.10.0 locally

WARNING: The TensorFlow contrib module will not be included in TensorFlow 2.0.
For more information, please see:
  * https://github.com/tensorflow/community/blob/master/rfcs/20180907-contrib-sunset.md
  * https://github.com/tensorflow/addons
If you depend on functionality not listed there, please file an issue.

=~=~=~=~=~=~=~=~=~=~=~=~=~=~=~=~=~=~=~=~
=~=~=~=~=~=~=~=~=~=~=~=~=~=~=~=~=~=~=~=~
0
17.8248
-0.7038
Traceback (most recent call last):
  File "P_MDN_p.py", line 609, in <module>
    save_inf(pred_means,pred_weights,pred_std,ids,test=False,train=True,y_train=y_train)
  File "P_MDN_p.py", line 596, in save_inf
    al.write('Tables/train_rc_p.fits')
  File "/homes/nramachandra/anaconda3/envs/tf_gpu/lib/python3.6/site-packages/astropy/table/connect.py", line 114, in __call__
    registry.write(instance, *args, **kwargs)
  File "/homes/nramachandra/anaconda3/envs/tf_gpu/lib/python3.6/site-packages/astropy/io/registry.py", line 566, in write
    writer(data, *args, **kwargs)
  File "/homes/nramachandra/anaconda3/envs/tf_gpu/lib/python3.6/site-packages/astropy/io/fits/connect.py", line 394, in write_table_fits
    raise OSError("File exists: {0}".format(output))
OSError: File exists: Tables/train_rc_p.fits
srun: error: cp1-p: task 0: Exited with exit code 1
[756] End job
